<?xml version="1.0" encoding="UTF-8"?>
<testng-results total="2" passed="2" failed="0" skipped="0">
  <reporter-output>
  </reporter-output>
  <suite started-at="2020-11-09T11:16:00Z" name="Default suite" finished-at="2020-11-09T11:16:05Z" duration-ms="4798">
    <groups>
    </groups>
    <test started-at="2020-11-09T11:16:00Z" name="Default test" finished-at="2020-11-09T11:16:05Z" duration-ms="4798">
      <class name="stepDefinition.StepDefination9_DetaProvider">
        <test-method signature="signIn(java.lang.String, java.lang.String)[pri:0, instance:stepDefinition.StepDefination9_DetaProvider@dd5594bc]" started-at="2020-11-09T16:46:00Z" name="signIn" data-provider="date" finished-at="2020-11-09T16:46:03Z" duration-ms="3045" status="PASS">
          <params>
            <param index="0">
              <value>
                <![CDATA[2015-01-12]]>
              </value>
            </param>
            <param index="1">
              <value>
                <![CDATA[api]]>
              </value>
            </param>
          </params>
          <reporter-output>
          </reporter-output>
        </test-method> <!-- signIn -->
        <test-method signature="signIn(java.lang.String, java.lang.String)[pri:0, instance:stepDefinition.StepDefination9_DetaProvider@dd5594bc]" started-at="2020-11-09T16:46:03Z" name="signIn" data-provider="date" finished-at="2020-11-09T16:46:05Z" duration-ms="1733" status="PASS">
          <params>
            <param index="0">
              <value>
                <![CDATA[2016-01-12]]>
              </value>
            </param>
            <param index="1">
              <value>
                <![CDATA[api]]>
              </value>
            </param>
          </params>
          <reporter-output>
          </reporter-output>
        </test-method> <!-- signIn -->
      </class> <!-- stepDefinition.StepDefination9_DetaProvider -->
    </test> <!-- Default test -->
  </suite> <!-- Default suite -->
</testng-results>
